INFO:sim:172 - Generating IP...
Applying current project options...
Finished applying current project options.
Resolving generic values...
Finished resolving generic values.
Generating IP...
WARNING:sim:89 - A core named <tisc_vio> already exists in the output directory.
   Output products for this core may be overwritten.
Configuring files for tisc_vio root...
Gathering HDL files for tisc_vio root...
Creating XST project for tisc_vio...
Creating XST script file for tisc_vio...
Creating XST instantiation file for tisc_vio...
Running XST for tisc_vio...
XST: HDL Parsing
XST: HDL Elaboration
XST: HDL Synthesis
XST: Advanced HDL Synthesis
XST: Low Level Synthesis
XST: Design Summary
Not generating VHDL wrapper
Generating Verilog wrapper
Skipping VHDL instantiation template for tisc_vio...
Creating ISE instantiation template for tisc_vio...
Finished Generation.
Generating IP instantiation template...
Generating ASY schematic symbol...
INFO:sim:949 - Finished generation of ASY schematic symbol.
Generating SYM schematic symbol for 'tisc_vio'...
Generating metadata file...
Generating ISE project...
XCO file found: tisc_vio.xco
XMDF file found: tisc_vio_xmdf.tcl
Adding
C:/Users/Ryan/Documents/GitHub/firmware-tisc/par/ipcore_dir/tmp/_cg/tisc_vio.asy
-view all -origin_type imported
Adding
C:/Users/Ryan/Documents/GitHub/firmware-tisc/par/ipcore_dir/tmp/_cg/tisc_vio.ngc
-view all -origin_type created
Checking file
"C:/Users/Ryan/Documents/GitHub/firmware-tisc/par/ipcore_dir/tmp/_cg/tisc_vio.ng
c" for project device match ...
File
"C:/Users/Ryan/Documents/GitHub/firmware-tisc/par/ipcore_dir/tmp/_cg/tisc_vio.ng
c" device information matches project device.
Adding
C:/Users/Ryan/Documents/GitHub/firmware-tisc/par/ipcore_dir/tmp/_cg/tisc_vio.v
-view all -origin_type created
INFO:HDLCompiler:1845 - Analyzing Verilog file
   "C:/Users/Ryan/Documents/GitHub/firmware-tisc/par/ipcore_dir/tmp/_cg/tisc_vio
   .v" into library work
INFO:ProjectMgmt - Parsing design hierarchy completed successfully.
Adding
C:/Users/Ryan/Documents/GitHub/firmware-tisc/par/ipcore_dir/tmp/_cg/tisc_vio.veo
-view all -origin_type imported
INFO:TclTasksC:2116 - The automatic calculation of top has been turned-off.
   Please set the new top explicitly by running the "project set top" command.
   To re-calculate the new top automatically, set the "Auto Implementation Top"
   property to true.
Top level has been set to "/tisc_vio"
Generating README file...
Generating FLIST file...
INFO:sim:948 - Finished FLIST file generation.
Moving files to output directory...
Finished moving files to output directory
Wrote CGP file for project 'tisc_vio'.
